#
# A fatal error has been detected by the Java Runtime Environment:
#
#  SIGSEGV (0xb) at pc=0x0000004014056b22, pid=1, tid=30
#
# JRE version: OpenJDK Runtime Environment (18.0+13) (build 18-ea+13-681)
# Java VM: OpenJDK 64-Bit Server VM (18-ea+13-681, mixed mode, sharing, tiered, compressed oops, compressed class ptrs, g1 gc, linux-amd64)
# Problematic frame:
# J 1558 c1 eu.mihosoft.freerouting.autoroute.MazeSearchAlgo.expand_to_room_doors(Leu/mihosoft/freerouting/autoroute/MazeListElement;)Z (1009 bytes) @ 0x0000004014056b22 [0x0000004014056b00+0x0000000000000022]
#
# No core dump will be written. Core dumps have been disabled. To enable core dumping, try "ulimit -c unlimited" before starting Java again
#
# If you would like to submit a bug report, please visit:
#   https://bugreport.java.com/bugreport/crash.jsp
#

---------------  S U M M A R Y ------------

Command Line: /opt/freerouting_cli.jar -mp 20 -oit 0.5 -de output/pcbs/board.dsn -do output/routed_pcbs/board.ses

Host: x86_64, 4 cores, 1G, Oracle Linux Server release 8.4
Time: Thu Jun 13 21:41:59 2024 UTC elapsed time: 31.645374 seconds (0d 0h 0m 31s)

---------------  T H R E A D  ---------------

Current thread (0x0000004004278650):  JavaThread "Thread-0" [_thread_in_Java, id=30, stack(0x00000040b9595000,0x00000040b9696000)]

Stack: [0x00000040b9595000,0x00000040b9696000],  sp=0x00000040b9694538,  free space=1021k
Native frames: (J=compiled Java code, j=interpreted, Vv=VM code, C=native code)
J 1558 c1 eu.mihosoft.freerouting.autoroute.MazeSearchAlgo.expand_to_room_doors(Leu/mihosoft/freerouting/autoroute/MazeListElement;)Z (1009 bytes) @ 0x0000004014056b22 [0x0000004014056b00+0x0000000000000022]

[error occurred during error reporting (printing native stack), id 0xb, SIGSEGV (0xb) at pc=0x0000004002adf6ee]


siginfo: si_signo: 11 (SIGSEGV), si_code: 128 (SI_KERNEL), si_addr: 0x0000000000000000

Register to memory mapping:

RAX=0x0000000000005798 is an unknown value
RBX=0x00000000e60933d0 is an oop: eu.mihosoft.freerouting.autoroute.MazeListElement 
{0x00000000e60933d0} - klass: 'eu/mihosoft/freerouting/autoroute/MazeListElement'
 - ---- fields (total size 8 words):
 - final 'section_no_of_door' 'I' @12  0
 - final 'expansion_value' 'D' @16  732878.580385 (29284707 41265d9d)
 - final 'sorting_value' 'D' @24  1861729.580385 (94942384 413c6861)
 - final 'section_no_of_backtrack_door' 'I' @32  0
 - final 'room_ripped' 'Z' @36  false
 - final 'already_checked' 'Z' @37  false
 - final 'door' 'Leu/mihosoft/freerouting/autoroute/ExpandableObject;' @40  a 'eu/mihosoft/freerouting/autoroute/ExpansionDoor'{0x00000000e2d59610} (e2d59610)
 - final 'backtrack_door' 'Leu/mihosoft/freerouting/autoroute/ExpandableObject;' @44  a 'eu/mihosoft/freerouting/autoroute/ExpansionDoor'{0x00000000e2d2fd58} (e2d2fd58)
 - final 'next_room' 'Leu/mihosoft/freerouting/autoroute/CompleteExpansionRoom;' @48  a 'eu/mihosoft/freerouting/autoroute/CompleteFreeSpaceExpansionRoom'{0x00000000e2d59578} (e2d59578)
 - final 'shape_entry' 'Leu/mihosoft/freerouting/geometry/planar/FloatLine;' @52  a 'eu/mihosoft/freerouting/geometry/planar/FloatLine'{0x00000000e6093318} (e6093318)
 - final 'adjustment' 'Leu/mihosoft/freerouting/autoroute/MazeSearchElement$Adjustment;' @56  a 'eu/mihosoft/freerouting/autoroute/MazeSearchElement$Adjustment'{0x00000000e13286c0} (e13286c0)
RCX=0x0000000800c3daf8 is a pointer to class: 
eu.mihosoft.freerouting.autoroute.ExpansionDrill {0x0000000800c3daf8}
 - instance size:     5
 - klass size:        78
 - access:            public synchronized 
 - state:             fully_initialized
 - name:              'eu/mihosoft/freerouting/autoroute/ExpansionDrill'
 - super:             'java/lang/Object'
 - sub:               
 - arrays:            NULL
 - methods:           Array<T>(0x000000404f99a190)
 - method ordering:   Array<T>(0x0000000800a8bf88)
 - default_methods:   Array<T>(0x0000000000000000)
 - local interfaces:  Array<T>(0x000000404f99a130)
 - trans. interfaces: Array<T>(0x000000404f99a130)
 - constants:         constant pool [116] {0x000000404f999cd0} for 'eu/mihosoft/freerouting/autoroute/ExpansionDrill' cache=0x000000404f9f1388
 - class loader data:  loader data: 0x00000040040b1b50 for instance a 'jdk/internal/loader/ClassLoaders$AppClassLoader'{0x00000000ffc56548}
 - source file:       'ExpansionDrill.java'
 - class annotations:       Array<T>(0x0000000000000000)
 - class type annotations:  Array<T>(0x0000000000000000)
 - field annotations:       Array<T>(0x0000000000000000)
 - field type annotations:  Array<T>(0x0000000000000000)
 - inner classes:     Array<T>(0x00000008005afb10)
 - nest members:     Array<T>(0x00000008005afb10)
 - permitted subclasses:     Array<T>(0x00000008005afb10)
 - java mirror:       a 'java/lang/Class'{0x00000000e132fe08} = 'eu/mihosoft/freerouting/autoroute/ExpansionDrill'
 - vtable length      12  (start addr: 0x0000000800c3dcb0)
 - itable length      10 (start addr: 0x0000000800c3dd10)
 - ---- static fields (0 words):
 - ---- non-static fields (6 words):
 - public final 'first_layer' 'I' @12 
 - public final 'last_layer' 'I' @16 
 - private final 'maze_search_info_arr' '[Leu/mihosoft/freerouting/autoroute/MazeSearchElement;' @20 
 - private final 'shape' 'Leu/mihosoft/freerouting/geometry/planar/TileShape;' @24 
 - public final 'location' 'Leu/mihosoft/freerouting/geometry/planar/Point;' @28 
 - public final 'room_arr' '[Leu/mihosoft/freerouting/autoroute/CompleteExpansionRoom;' @32 
 - non-static oop maps: 20-32 
RDX=0x00000000e60933d0 is an oop: eu.mihosoft.freerouting.autoroute.MazeListElement 
{0x00000000e60933d0} - klass: 'eu/mihosoft/freerouting/autoroute/MazeListElement'
 - ---- fields (total size 8 words):
 - final 'section_no_of_door' 'I' @12  0
 - final 'expansion_value' 'D' @16  732878.580385 (29284707 41265d9d)
 - final 'sorting_value' 'D' @24  1861729.580385 (94942384 413c6861)
 - final 'section_no_of_backtrack_door' 'I' @32  0
 - final 'room_ripped' 'Z' @36  false
 - final 'already_checked' 'Z' @37  false
 - final 'door' 'Leu/mihosoft/freerouting/autoroute/ExpandableObject;' @40  a 'eu/mihosoft/freerouting/autoroute/ExpansionDoor'{0x00000000e2d59610} (e2d59610)
 - final 'backtrack_door' 'Leu/mihosoft/freerouting/autoroute/ExpandableObject;' @44  a 'eu/mihosoft/freerouting/autoroute/ExpansionDoor'{0x00000000e2d2fd58} (e2d2fd58)
 - final 'next_room' 'Leu/mihosoft/freerouting/autoroute/CompleteExpansionRoom;' @48  a 'eu/mihosoft/freerouting/autoroute/CompleteFreeSpaceExpansionRoom'{0x00000000e2d59578} (e2d59578)
 - final 'shape_entry' 'Leu/mihosoft/freerouting/geometry/planar/FloatLine;' @52  a 'eu/mihosoft/freerouting/geometry/planar/FloatLine'{0x00000000e6093318} (e6093318)
 - final 'adjustment' 'Leu/mihosoft/freerouting/autoroute/MazeSearchElement$Adjustment;' @56  a 'eu/mihosoft/freerouting/autoroute/MazeSearchElement$Adjustment'{0x00000000e13286c0} (e13286c0)
RSP=0x00000040b9694538 is pointing into the stack for thread: 0x0000004004278650
RBP=0x00000040b96946d8 is pointing into the stack for thread: 0x0000004004278650
RSI=0x0000000000005afa is an unknown value
RDI=0x0000000000005afa is an unknown value
R8 =0x00000000e2d2fd58 is an oop: eu.mihosoft.freerouting.autoroute.ExpansionDoor 
{0x00000000e2d2fd58} - klass: 'eu/mihosoft/freerouting/autoroute/ExpansionDoor'
 - ---- fields (total size 4 words):
 - public final 'dimension' 'I' @12  1
 - 'section_arr' '[Leu/mihosoft/freerouting/autoroute/MazeSearchElement;' @16  a 'eu/mihosoft/freerouting/autoroute/MazeSearchElement'[2] {0x00000000e2d2fd78} (e2d2fd78)
 - public final 'first_room' 'Leu/mihosoft/freerouting/autoroute/ExpansionRoom;' @20  a 'eu/mihosoft/freerouting/autoroute/CompleteFreeSpaceExpansionRoom'{0x00000000e2d2fb08} (e2d2fb08)
 - public final 'second_room' 'Leu/mihosoft/freerouting/autoroute/ExpansionRoom;' @24  a 'eu/mihosoft/freerouting/autoroute/CompleteFreeSpaceExpansionRoom'{0x00000000e2d2fdd0} (e2d2fdd0)
R9 =0x00000000e2d59610 is an oop: eu.mihosoft.freerouting.autoroute.ExpansionDoor 
{0x00000000e2d59610} - klass: 'eu/mihosoft/freerouting/autoroute/ExpansionDoor'
 - ---- fields (total size 4 words):
 - public final 'dimension' 'I' @12  1
 - 'section_arr' '[Leu/mihosoft/freerouting/autoroute/MazeSearchElement;' @16  a 'eu/mihosoft/freerouting/autoroute/MazeSearchElement'[2] {0x00000000e61f3c18} (e61f3c18)
 - public final 'first_room' 'Leu/mihosoft/freerouting/autoroute/ExpansionRoom;' @20  a 'eu/mihosoft/freerouting/autoroute/CompleteFreeSpaceExpansionRoom'{0x00000000e2d59578} (e2d59578)
 - public final 'second_room' 'Leu/mihosoft/freerouting/autoroute/ExpansionRoom;' @24  a 'eu/mihosoft/freerouting/autoroute/CompleteFreeSpaceExpansionRoom'{0x00000000e2d2fb08} (e2d2fb08)
R10=0x0000000800000000 is pointing into metadata
R11=0x0000000800000000 is pointing into metadata
R12=0x0 is NULL
R13=0x00000000e61f3da0 is an oop: java.util.TreeMap$Entry 
{0x00000000e61f3da0} - klass: 'java/util/TreeMap$Entry'
 - ---- fields (total size 5 words):
 - 'color' 'Z' @12  true
 - 'key' 'Ljava/lang/Object;' @16  a 'eu/mihosoft/freerouting/autoroute/MazeListElement'{0x00000000e61f3d60} (e61f3d60)
 - 'value' 'Ljava/lang/Object;' @20  a 'java/lang/Object'{0x00000000e0ea7738} (e0ea7738)
 - 'left' 'Ljava/util/TreeMap$Entry;' @24  NULL (0)
 - 'right' 'Ljava/util/TreeMap$Entry;' @28  a 'java/util/TreeMap$Entry'{0x00000000e2b047a8} (e2b047a8)
 - 'parent' 'Ljava/util/TreeMap$Entry;' @32  a 'java/util/TreeMap$Entry'{0x00000000e2b046e8} (e2b046e8)
R14=0x00000000e6094368 is an oop: java.util.TreeMap$KeyIterator 
{0x00000000e6094368} - klass: 'java/util/TreeMap$KeyIterator'
 - ---- fields (total size 4 words):
 - 'expectedModCount' 'I' @12  109325 (1ab0d)
 - 'next' 'Ljava/util/TreeMap$Entry;' @16  a 'java/util/TreeMap$Entry'{0x00000000e61f3da0} (e61f3da0)
 - 'lastReturned' 'Ljava/util/TreeMap$Entry;' @20  NULL (0)
 - final synthetic 'this$0' 'Ljava/util/TreeMap;' @24  a 'java/util/TreeMap'{0x00000000e14920f8} (e14920f8)
 - final synthetic 'this$0' 'Ljava/util/TreeMap;' @28  a 'java/util/TreeMap'{0x00000000e14920f8} (e14920f8)
R15=0x0000004004278650 is a thread


Registers:
RAX=0x0000000000005798, RBX=0x00000000e60933d0, RCX=0x0000000800c3daf8, RDX=0x00000000e60933d0
RSP=0x00000040b9694538, RBP=0x00000040b96946d8, RSI=0x0000000000005afa, RDI=0x0000000000005afa
R8 =0x00000000e2d2fd58, R9 =0x00000000e2d59610, R10=0x0000000800000000, R11=0x0000000800000000
R12=0x0000000000000000, R13=0x00000000e61f3da0, R14=0x00000000e6094368, R15=0x0000004004278650
RIP=0x0000004014056b22, EFLAGS=0x0000000000000206, CSGSFS=0x002b000000000033, ERR=0x0000000000000000
  TRAPNO=0xffffffffffffffff

Top of Stack: (sp=0x00000040b9694538)
0x00000040b9694538:   000000401407ae7c 00000000e61f3c30
0x00000040b9694548:   000000404f987ba0 00000040b96945c0
0x00000040b9694558:   00000040b96945b0 0000000000000004
0x00000040b9694568:   00000040027f7467 0000004004278650 

Instructions: (pc=0x0000004014056b22)
0x0000004014056a22:   00 c0 0a 64 01 f8 3b d6 06 50 00 c0 0a 64 01 f8
0x0000004014056a32:   8b d5 06 50 00 c0 0a 64 01 f8 bb d4 06 50 00 c0
0x0000004014056a42:   0a 64 01 f8 cb d3 06 50 00 c0 0a 64 01 f8 41 d2
0x0000004014056a52:   06 50 00 c0 0a 64 01 f8 b3 c9 06 50 00 c0 0a 64
0x0000004014056a62:   01 f8 69 c9 06 50 00 c0 0a 64 01 f8 c3 c8 06 50
0x0000004014056a72:   00 c0 0a 64 01 f8 eb c7 06 50 00 c0 0a 64 01 f8
0x0000004014056a82:   c1 c6 06 50 00 c0 0a 64 01 f8 c3 c5 06 50 00 c0
0x0000004014056a92:   0a 64 01 f8 49 c4 06 50 00 c0 0a 64 01 f8 93 c3
0x0000004014056aa2:   06 50 00 c0 0a 64 01 f8 a3 c1 06 50 00 c0 0a 64
0x0000004014056ab2:   01 f8 59 c1 06 50 00 c0 0a 64 05 64 03 f8 2c 03
0x0000004014056ac2:   29 d1 40 00 05 70 0e 64 01 f8 4e f5 06 90 0c 64
0x0000004014056ad2:   01 f8 0a f5 05 90 0c 64 00 00 00 00 00 00 00 00
0x0000004014056ae2:   00 00 00 00 00 40 00 00 00 00 00 00 00 40 00 00
0x0000004014056af2:   00 00 00 00 00 40 00 00 00 00 00 00 f0 3f 44 8b
0x0000004014056b02:   56 08 49 bb 00 00 00 00 08 00 00 00 4d 03 d3 4c
0x0000004014056b12:   3b d0 0f 85 66 ec 80 ff 66 0f 1f 44 00 00 e9 5b
0x0000004014056b22:   e6 80 ff fe ff 55 48 81 ec 60 01 00 00 48 89 b4
0x0000004014056b32:   24 98 00 00 00 48 89 94 24 a0 00 00 00 48 bf 00
0x0000004014056b42:   80 9f 4f 40 00 00 00 8b 9f f4 00 00 00 83 c3 02
0x0000004014056b52:   89 9f f4 00 00 00 81 e3 fe 07 00 00 83 fb 00 0f
0x0000004014056b62:   84 f7 3e 00 00 8b 7a 30 48 3b 07 48 8b df 48 b8
0x0000004014056b72:   00 80 9f 4f 40 00 00 00 8b 5b 08 49 ba 00 00 00
0x0000004014056b82:   00 08 00 00 00 49 03 da 48 3b 98 48 01 00 00 75
0x0000004014056b92:   0d 48 83 80 50 01 00 00 01 e9 66 00 00 00 48 3b
0x0000004014056ba2:   98 58 01 00 00 75 0d 48 83 80 60 01 00 00 01 e9
0x0000004014056bb2:   50 00 00 00 48 81 b8 48 01 00 00 00 00 00 00 75
0x0000004014056bc2:   17 48 89 98 48 01 00 00 48 c7 80 50 01 00 00 01
0x0000004014056bd2:   00 00 00 e9 2c 00 00 00 48 81 b8 58 01 00 00 00
0x0000004014056be2:   00 00 00 75 17 48 89 98 58 01 00 00 48 c7 80 60
0x0000004014056bf2:   01 00 00 01 00 00 00 e9 08 00 00 00 48 83 80 38
0x0000004014056c02:   01 00 00 01 48 8b f7 0f 1f 40 00 48 b8 d0 c6 07
0x0000004014056c12:   bc 40 00 00 00 e8 6c a4 8e ff 89 84 24 b0 00 00 


Stack slot to memory mapping:
stack at sp + 0 slots: 0x000000401407ae7c is at entry_point+5180 in (nmethod*)0x0000004014079710
stack at sp + 1 slots: 0x00000000e61f3c30 is an oop: eu.mihosoft.freerouting.autoroute.MazeSearchElement 
{0x00000000e61f3c30} - klass: 'eu/mihosoft/freerouting/autoroute/MazeSearchElement'
 - ---- fields (total size 4 words):
 - public 'section_no_of_backtrack_door' 'I' @12  0
 - public 'is_occupied' 'Z' @16  false
 - public 'room_ripped' 'Z' @17  false
 - public 'backtrack_door' 'Leu/mihosoft/freerouting/autoroute/ExpandableObject;' @20  a 'eu/mihosoft/freerouting/autoroute/ExpansionDoor'{0x00000000e2d2fd58} (e2d2fd58)
 - public 'adjustment' 'Leu/mihosoft/freerouting/autoroute/MazeSearchElement$Adjustment;' @24  a 'eu/mihosoft/freerouting/autoroute/MazeSearchElement$Adjustment'{0x00000000e13286c0} (e13286c0)
stack at sp + 2 slots: {method} {0x000000404f987ba0} 'occupy_next_element' '()Z' in 'eu/mihosoft/freerouting/autoroute/MazeSearchAlgo'
stack at sp + 3 slots: 0x00000040b96945c0 is pointing into the stack for thread: 0x0000004004278650
stack at sp + 4 slots: 0x00000040b96945b0 is pointing into the stack for thread: 0x0000004004278650
stack at sp + 5 slots: 0x0000000000000004 is an unknown value
stack at sp + 6 slots: 0x00000040027f7467: <offset 0x0000000000379467> in /usr/java/openjdk-18/lib/server/libjvm.so at 0x000000400247e000
stack at sp + 7 slots: 0x0000004004278650 is a thread

--------------------------------------------------------------------------------

[Constant Pool]
             Address          hex4                    hex8      
  0x0000004014056ae0:   0x00000000      0x4000000000000000      
  0x0000004014056ae4:   0x40000000                              
  0x0000004014056ae8:   0x00000000      0x4000000000000000      
  0x0000004014056aec:   0x40000000                              
  0x0000004014056af0:   0x00000000      0x4000000000000000      
  0x0000004014056af4:   0x40000000                              
  0x0000004014056af8:   0x00000000      0x3ff0000000000000      
  0x0000004014056afc:   0x3ff00000                              

--------------------------------------------------------------------------------

[MachCode]
  0x0000004014056b00: 448b 5608 | 49bb 0000 | 0000 0800 | 0000 4d03 | d34c 3bd0 | 0f85 66ec | 80ff 660f | 1f44 0000 
  0x0000004014056b20: e95b e680 | fffe ff55 | 4881 ec60 | 0100 0048 | 89b4 2498 | 0000 0048 | 8994 24a0 | 0000 0048 
  0x0000004014056b40: bf00 809f | 4f40 0000 | 008b 9ff4 | 0000 0083 | c302 899f | f400 0000 | 81e3 fe07 | 0000 83fb 
  0x0000004014056b60: 000f 84f7 | 3e00 008b | 7a30 483b | 0748 8bdf | 48b8 0080 | 9f4f 4000 | 0000 8b5b | 0849 ba00 
  0x0000004014056b80: 0000 0008 | 0000 0049 | 03da 483b | 9848 0100 | 0075 0d48 | 8380 5001 | 0000 01e9 | 6600 0000 
  0x0000004014056ba0: 483b 9858 | 0100 0075 | 0d48 8380 | 6001 0000 | 01e9 5000 | 0000 4881 | b848 0100 | 0000 0000 
  0x0000004014056bc0: 0075 1748 | 8998 4801 | 0000 48c7 | 8050 0100 | 0001 0000 | 00e9 2c00 | 0000 4881 | b858 0100 
  0x0000004014056be0: 0000 0000 | 0075 1748 | 8998 5801 | 0000 48c7 | 8060 0100 | 0001 0000 | 00e9 0800 | 0000 4883 
  0x0000004014056c00: 8038 0100 | 0001 488b | f70f 1f40 | 0048 b8d0 | c607 bc40 | 0000 00e8 | 6ca4 8eff | 8984 24b0 
  0x0000004014056c20: 0000 0048 | 8bb4 2498 | 0000 008b | 5614 8b7a | 643b 470c | 0f83 5e3e | 0000 4863 | d80f be7c 
  0x0000004014056c40: 1f10 89bc | 24b4 0000 | 0083 ff00 | 48bb 0080 | 9f4f 4000 | 0000 48b9 | 7001 0000 | 0000 0000 
  0x0000004014056c60: 0f85 0a00 | 0000 48b9 | 8001 0000 | 0000 0000 | 4c8b 040b | 4d8d 4001 | 4c89 040b | 0f85 5900 
  0x0000004014056c80: 0000 8b5e | 108b 5b28 | 8b5b 248b | 5b0c 3b43 | 0c0f 8328 | 3e00 0048 | 63c8 8b5c | 8b10 0fbe 
  0x0000004014056ca0: 5b0c 83fb | 0048 bb00 | 809f 4f40 | 0000 0048 | b9a0 0100 | 0000 0000 | 000f 850a | 0000 0048 
  0x0000004014056cc0: b990 0100 | 0000 0000 | 004c 8b04 | 0b4d 8d40 | 014c 8904 | 0b0f 8568 | 3d00 0048 | 8b9c 24a0 
  0x0000004014056ce0: 0000 008b | 4a6c 3b41 | 0c0f 83ed | 3d00 004c | 63c0 428b | 4c81 10f2 | 0f2a c18b | 4b28 4883 
  0x0000004014056d00: f900 7517 | 49bb 0080 | 9f4f 4000 | 0000 4180 | 8ba9 0100 | 0001 e9d4 | 0000 0049 | bd58 d6c3 
  0x0000004014056d20: 0008 0000 | 0044 8b49 | 0849 ba00 | 0000 0008 | 0000 004d | 03ca 4d3b | e90f 8594 | 0000 0049 
  0x0000004014056d40: bb00 809f | 4f40 0000 | 0044 8b69 | 0849 ba00 | 0000 0008 | 0000 004d | 03ea 4d3b | abc0 0100 
  0x0000004014056d60: 0075 0d49 | 8383 c801 | 0000 01e9 | 8400 0000 | 4d3b abd0 | 0100 0075 | 0d49 8383 | d801 0000 
  0x0000004014056d80: 01e9 6e00 | 0000 4981 | bbc0 0100 | 0000 0000 | 0075 174d | 89ab c001 | 0000 49c7 | 83c8 0100 
  0x0000004014056da0: 0001 0000 | 00e9 4a00 | 0000 4981 | bbd0 0100 | 0000 0000 | 0075 174d | 89ab d001 | 0000 49c7 
  0x0000004014056dc0: 83d8 0100 | 0001 0000 | 00e9 2600 | 0000 e921 | 0000 0049 | bb00 809f | 4f40 0000 | 0049 83ab 
  0x0000004014056de0: b001 0000 | 01e9 0500 | 0000 e905 | 0000 004d | 33c0 eb0a | 49b8 0100 | 0000 0000 | 0000 4183 
  0x0000004014056e00: f800 49b8 | 0080 9f4f | 4000 0000 | 49b9 f801 | 0000 0000 | 0000 0f85 | 0a00 0000 | 49b9 e801 
  0x0000004014056e20: 0000 0000 | 0000 4f8b | 1c08 4d8d | 5b01 4f89 | 1c08 0f85 | 1d00 0000 | b900 0000 | 0089 8c24 
  0x0000004014056e40: b800 0000 | f20f 1184 | 2448 0100 | 0048 8bd3 | e9b3 0200 | 00f2 0f10 | c8f2 0f58 | 0d7f fcff 
  0x0000004014056e60: ff48 83f9 | 0075 1749 | b900 809f | 4f40 0000 | 0041 8089 | 0102 0000 | 01e9 d400 | 0000 49bb 
  0x0000004014056e80: 58d6 c300 | 0800 0000 | 448b 4108 | 49ba 0000 | 0000 0800 | 0000 4d03 | c24d 3bd8 | 0f85 9400 
  0x0000004014056ea0: 0000 49b9 | 0080 9f4f | 4000 0000 | 448b 5908 | 49ba 0000 | 0000 0800 | 0000 4d03 | da4d 3b99 
  0x0000004014056ec0: 1802 0000 | 750d 4983 | 8120 0200 | 0001 e97f | 0000 004d | 3b99 2802 | 0000 750d | 4983 8130 
  0x0000004014056ee0: 0200 0001 | e969 0000 | 0049 81b9 | 1802 0000 | 0000 0000 | 7517 4d89 | 9918 0200 | 0049 c781 
  0x0000004014056f00: 2002 0000 | 0100 0000 | e945 0000 | 0049 81b9 | 2802 0000 | 0000 0000 | 7517 4d89 | 9928 0200 
  0x0000004014056f20: 0049 c781 | 3002 0000 | 0100 0000 | e921 0000 | 00e9 1c00 | 0000 49b9 | 0080 9f4f | 4000 0000 
  0x0000004014056f40: 4983 a908 | 0200 0001 | e99d 3b00 | 00e9 0000 | 0000 0fbe | 525b 83fa | 0048 ba00 | 809f 4f40 
  0x0000004014056f60: 0000 0049 | b850 0200 | 0000 0000 | 000f 850a | 0000 0049 | b840 0200 | 0000 0000 | 004e 8b0c 
  0x0000004014056f80: 024d 8d49 | 014e 890c | 020f 850e | 0000 00f2 | 0f11 8424 | 4001 0000 | e904 0100 | 0048 898c 
  0x0000004014056fa0: 24a8 0000 | 00f2 0f11 | 8c24 3001 | 0000 f20f | 1184 2438 | 0100 008b | 5330 4c8b | c649 b900 
  0x0000004014056fc0: 809f 4f40 | 0000 0049 | 8381 6002 | 0000 014c | 8bc6 498b | f066 90e8 | 64bf 0300 | f20f 10c8 
  0x0000004014056fe0: 660f 57c0 | 660f 2ec8 | beff ffff | ff0f 8a14 | 0000 000f | 820e 0000 | 00be 0000 | 0000 0f84 
  0x0000004014057000: 0300 0000 | 48ff c683 | fe00 48be | 0080 9f4f | 4000 0000 | 48bf a802 | 0000 0000 | 0000 0f8f 
  0x0000004014057020: 0a00 0000 | 48bf 9802 | 0000 0000 | 0000 488b | 1c3e 488d | 5b01 4889 | 1c3e 0f8f | 2800 0000 
  0x0000004014057040: 660f 1284 | 2438 0100 | 0066 0f12 | 8c24 3001 | 0000 f20f | 1184 2440 | 0100 0048 | 8b8c 24a8 
  0x0000004014057060: 0000 00e9 | 3900 0000 | 660f 1284 | 2430 0100 | 0048 be00 | 809f 4f40 | 0000 0048 | 8386 b802 
  0x0000004014057080: 0000 010f | 1f40 00e8 | 347c 2d07 | f20f 10c8 | f20f 1184 | 2440 0100 | 0048 8b8c | 24a8 0000 
  0x00000040140570a0: 0048 8bb4 | 2498 0000 | 0048 ba00 | 809f 4f40 | 0000 0048 | 8382 c802 | 0000 01f2 | 0f59 0d25 
  0x00000040140570c0: faff ff48 | 8bd1 f20f | 10c1 488b | b424 9800 | 0000 0f1f | 4400 00e8 | 44c6 0300 | 488b c866 
  0x00000040140570e0: 0f12 8424 | 4001 0000 | 898c 24b8 | 0000 00f2 | 0f11 8424 | 4801 0000 | 488b 9424 | a000 0000 
  0x0000004014057100: 488b b424 | 9800 0000 | 8b7e 108b | 5a30 483b | 0748 8bc7 | 49b8 0080 | 9f4f 4000 | 0000 49ba 
  0x0000004014057120: f0c5 c200 | 0800 0000 | 4d89 9010 | 0300 0049 | 8380 1803 | 0000 0148 | 8bd3 488b | f766 90e8 
  0x0000004014057140: 7c8e 1300 | 488b 9424 | a000 0000 | 8b72 348b | 7e0c 8b76 | 1048 3b07 | 488b df48 | b800 809f 
  0x0000004014057160: 4f40 0000 | 0049 bab0 | 22c1 0008 | 0000 004c | 8990 4803 | 0000 4883 | 8050 0300 | 0001 488b 
  0x0000004014057180: d648 8bf7 | 6666 90e8 | 74eb f6ff | 488b b424 | 9800 0000 | 8b56 140f | be52 5b83 | fa00 48ba 
  0x00000040140571a0: 0080 9f4f | 4000 0000 | 48bf 8003 | 0000 0000 | 0000 0f85 | 0a00 0000 | 48bf 7003 | 0000 0000 
  0x00000040140571c0: 0000 488b | 1c3a 488d | 5b01 4889 | 1c3a 0f85 | 1e00 0000 | 660f 1284 | 2448 0100 | 0048 8984 
  0x00000040140571e0: 24c0 0000 | 0048 8b94 | 24a0 0000 | 00e9 6a05 | 0000 488b | 9424 a000 | 0000 8b7a | 2848 83ff 
  0x0000004014057200: 0075 1749 | b800 809f | 4f40 0000 | 0041 8088 | 8903 0000 | 01e9 d300 | 0000 49b9 | 08d1 c300 
  0x0000004014057220: 0800 0000 | 8b4f 0849 | ba00 0000 | 0008 0000 | 0049 03ca | 4c3b c90f | 8594 0000 | 0049 b800 
  0x0000004014057240: 809f 4f40 | 0000 0044 | 8b4f 0849 | ba00 0000 | 0008 0000 | 004d 03ca | 4d3b 88a0 | 0300 0075 
  0x0000004014057260: 0d49 8380 | a803 0000 | 01e9 8400 | 0000 4d3b | 88b0 0300 | 0075 0d49 | 8380 b803 | 0000 01e9 
  0x0000004014057280: 6e00 0000 | 4981 b8a0 | 0300 0000 | 0000 0075 | 174d 8988 | a003 0000 | 49c7 80a8 | 0300 0001 
  0x00000040140572a0: 0000 00e9 | 4a00 0000 | 4981 b8b0 | 0300 0000 | 0000 0075 | 174d 8988 | b003 0000 | 49c7 80b8 
  0x00000040140572c0: 0300 0001 | 0000 00e9 | 2600 0000 | e921 0000 | 0049 b800 | 809f 4f40 | 0000 0049 | 83a8 9003 
  0x00000040140572e0: 0000 01e9 | 0500 0000 | e905 0000 | 0048 33db | eb0a 48bb | 0100 0000 | 0000 0000 | 83fb 0048 
  0x0000004014057300: bb00 809f | 4f40 0000 | 0048 b9d8 | 0300 0000 | 0000 000f | 850a 0000 | 0048 b9c8 | 0300 0000 
  0x0000004014057320: 0000 004c | 8b04 0b4d | 8d40 014c | 8904 0b0f | 8516 0000 | 0066 0f12 | 8424 4801 | 0000 4889 
  0x0000004014057340: 8424 c000 | 0000 e911 | 0400 0048 | 83ff 0075 | 1648 b900 | 809f 4f40 | 0000 0080 | 89e1 0300 
  0x0000004014057360: 0001 e9d3 | 0000 0049 | b808 d1c3 | 0008 0000 | 008b 5f08 | 49ba 0000 | 0000 0800 | 0000 4903 
  0x0000004014057380: da4c 3bc3 | 0f85 9400 | 0000 48b9 | 0080 9f4f | 4000 0000 | 448b 4708 | 49ba 0000 | 0000 0800 
  0x00000040140573a0: 0000 4d03 | c24c 3b81 | f803 0000 | 750d 4883 | 8100 0400 | 0001 e97f | 0000 004c | 3b81 0804 
  0x00000040140573c0: 0000 750d | 4883 8110 | 0400 0001 | e969 0000 | 0048 81b9 | f803 0000 | 0000 0000 | 7517 4c89 
  0x00000040140573e0: 81f8 0300 | 0048 c781 | 0004 0000 | 0100 0000 | e945 0000 | 0048 81b9 | 0804 0000 | 0000 0000 
  0x0000004014057400: 7517 4c89 | 8108 0400 | 0048 c781 | 1004 0000 | 0100 0000 | e921 0000 | 00e9 1c00 | 0000 48b9 
  0x0000004014057420: 0080 9f4f | 4000 0000 | 4883 a9e8 | 0300 0001 | e9d2 3600 | 00e9 0000 | 0000 8b7f | 1048 83ff 
  0x0000004014057440: 0075 1749 | b800 809f | 4f40 0000 | 0041 8088 | 1904 0000 | 01e9 d300 | 0000 49b9 | e099 c100 
  0x0000004014057460: 0800 0000 | 8b4f 0849 | ba00 0000 | 0008 0000 | 0049 03ca | 4c3b c90f | 8594 0000 | 0049 b800 
  0x0000004014057480: 809f 4f40 | 0000 0044 | 8b4f 0849 | ba00 0000 | 0008 0000 | 004d 03ca | 4d3b 8830 | 0400 0075 
  0x00000040140574a0: 0d49 8380 | 3804 0000 | 01e9 8400 | 0000 4d3b | 8840 0400 | 0075 0d49 | 8380 4804 | 0000 01e9 
  0x00000040140574c0: 6e00 0000 | 4981 b830 | 0400 0000 | 0000 0075 | 174d 8988 | 3004 0000 | 49c7 8038 | 0400 0001 
  0x00000040140574e0: 0000 00e9 | 4a00 0000 | 4981 b840 | 0400 0000 | 0000 0075 | 174d 8988 | 4004 0000 | 49c7 8048 
  0x0000004014057500: 0400 0001 | 0000 00e9 | 2600 0000 | e921 0000 | 0049 b800 | 809f 4f40 | 0000 0049 | 83a8 2004 
  0x0000004014057520: 0000 01e9 | 0500 0000 | e905 0000 | 0048 33db | eb0a 48bb | 0100 0000 | 0000 0000 | 83fb 0048 
  0x0000004014057540: bb00 809f | 4f40 0000 | 0048 b968 | 0400 0000 | 0000 000f | 850a 0000 | 0048 b958 | 0400 0000 
  0x0000004014057560: 0000 004c | 8b04 0b4d | 8d40 014c | 8904 0b0f | 8516 0000 | 0066 0f12 | 8424 4801 | 0000 4889 
  0x0000004014057580: 8424 c000 | 0000 e9d1 | 0100 0048 | 8984 24c0 | 0000 0048 | 83ff 0075 | 1648 b900 | 809f 4f40 
  0x00000040140575a0: 0000 0080 | 8971 0400 | 0001 e9d3 | 0000 0049 | b8e0 99c1 | 0008 0000 | 008b 5f08 | 49ba 0000 
  0x00000040140575c0: 0000 0800 | 0000 4903 | da4c 3bc3 | 0f85 9400 | 0000 48b9 | 0080 9f4f | 4000 0000 | 448b 4708 
  0x00000040140575e0: 49ba 0000 | 0000 0800 | 0000 4d03 | c24c 3b81 | 8804 0000 | 750d 4883 | 8190 0400 | 0001 e97f 
  0x0000004014057600: 0000 004c | 3b81 9804 | 0000 750d | 4883 81a0 | 0400 0001 | e969 0000 | 0048 81b9 | 8804 0000 
  0x0000004014057620: 0000 0000 | 7517 4c89 | 8188 0400 | 0048 c781 | 9004 0000 | 0100 0000 | e945 0000 | 0048 81b9 
  0x0000004014057640: 9804 0000 | 0000 0000 | 7517 4c89 | 8198 0400 | 0048 c781 | a004 0000 | 0100 0000 | e921 0000 
  0x0000004014057660: 00e9 1c00 | 0000 48b9 | 0080 9f4f | 4000 0000 | 4883 a978 | 0400 0001 | e998 3400 | 00e9 0000 
  0x0000004014057680: 0000 483b | 0748 8bdf | 48b9 0080 | 9f4f 4000 | 0000 49ba | e099 c100 | 0800 0000 | 4c89 91c0 
  0x00000040140576a0: 0400 0048 | 8381 c804 | 0000 018b | 9424 b000 | 0000 488b | f766 90e8 | 64f4 1600 | f20f 2ac8 
  0x00000040140576c0: 660f 57c0 | 660f 2ec8 | beff ffff | ff0f 8a14 | 0000 000f | 820e 0000 | 00be 0000 | 0000 0f84 
  0x00000040140576e0: 0300 0000 | 48ff c683 | fe00 48be | 0080 9f4f | 4000 0000 | 48bf f804 | 0000 0000 | 0000 0f8f 
  0x0000004014057700: 0a00 0000 | 48bf e804 | 0000 0000 | 0000 488b | 1c3e 488d | 5b01 4889 | 1c3e 660f | 1284 2448 
  0x0000004014057720: 0100 000f | 8f0d 0000 | 0048 8b94 | 24a0 0000 | 00e9 2600 | 0000 48be | 0080 9f4f | 4000 0000 
  0x0000004014057740: 4883 8608 | 0500 0001 | 0f1f 8000 | 0000 00e8 | 6c75 2d07 | 488b 9424 | a000 0000 | 8b72 3048 
  0x0000004014057760: 83fe 0075 | 1648 b800 | 809f 4f40 | 0000 0080 | 8811 0500 | 0001 e9d2 | 0000 0048 | b978 d3c3 
  0x0000004014057780: 0008 0000 | 008b 5e08 | 49ba 0000 | 0000 0800 | 0000 4903 | da48 3bcb | 0f85 9300 | 0000 48b8 
  0x00000040140577a0: 0080 9f4f | 4000 0000 | 8b4e 0849 | ba00 0000 | 0008 0000 | 0049 03ca | 483b 8828 | 0500 0075 
  0x00000040140577c0: 0d48 8380 | 3005 0000 | 01e9 8400 | 0000 483b | 8838 0500 | 0075 0d48 | 8380 4005 | 0000 01e9 
  0x00000040140577e0: 6e00 0000 | 4881 b828 | 0500 0000 | 0000 0075 | 1748 8988 | 2805 0000 | 48c7 8030 | 0500 0001 
  0x0000004014057800: 0000 00e9 | 4a00 0000 | 4881 b838 | 0500 0000 | 0000 0075 | 1748 8988 | 3805 0000 | 48c7 8040 
  0x0000004014057820: 0500 0001 | 0000 00e9 | 2600 0000 | e921 0000 | 0048 b800 | 809f 4f40 | 0000 0048 | 83a8 1805 
  0x0000004014057840: 0000 01e9 | 0500 0000 | e905 0000 | 0048 33ff | eb0a 48bf | 0100 0000 | 0000 0000 | 83ff 0048 
  0x0000004014057860: bf00 809f | 4f40 0000 | 0048 bb50 | 0500 0000 | 0000 000f | 840a 0000 | 0048 bb60 | 0500 0000 
  0x0000004014057880: 0000 0048 | 8b04 1f48 | 8d40 0148 | 8904 1f0f | 8434 0100 | 0048 83fe | 0075 1648 | bb00 809f 
  0x00000040140578a0: 4f40 0000 | 0080 8b69 | 0500 0001 | e9d2 0000 | 0048 b878 | d3c3 0008 | 0000 008b | 7e08 49ba 
  0x00000040140578c0: 0000 0000 | 0800 0000 | 4903 fa48 | 3bc7 0f85 | 9300 0000 | 48bb 0080 | 9f4f 4000 | 0000 8b46 
  0x00000040140578e0: 0849 ba00 | 0000 0008 | 0000 0049 | 03c2 483b | 8380 0500 | 0075 0d48 | 8383 8805 | 0000 01e9 
  0x0000004014057900: 7f00 0000 | 483b 8390 | 0500 0075 | 0d48 8383 | 9805 0000 | 01e9 6900 | 0000 4881 | bb80 0500 
  0x0000004014057920: 0000 0000 | 0075 1748 | 8983 8005 | 0000 48c7 | 8388 0500 | 0001 0000 | 00e9 4500 | 0000 4881 
  0x0000004014057940: bb90 0500 | 0000 0000 | 0075 1748 | 8983 9005 | 0000 48c7 | 8398 0500 | 0001 0000 | 00e9 2100 
  0x0000004014057960: 0000 e91c | 0000 0048 | bb00 809f | 4f40 0000 | 0048 83ab | 7005 0000 | 01e9 a531 | 0000 e900 
  0x0000004014057980: 0000 0048 | 8bbc 2498 | 0000 0048 | bb00 809f | 4f40 0000 | 0048 8383 | a805 0000 | 0148 8bd6 
  0x00000040140579a0: 488b b424 | 9800 0000 | 0f1f 8000 | 0000 00e8 | 2c35 1300 | 48be 0080 | 9f4f 4000 | 0000 ff86 
  0x00000040140579c0: e005 0000 | e9a8 0600 | 00f2 0f11 | 8424 5001 | 0000 483b | 0648 8bfe | 48bb 0080 | 9f4f 4000 
  0x00000040140579e0: 0000 8b7f | 0849 ba00 | 0000 0008 | 0000 0049 | 03fa 483b | bb08 0600 | 0075 0d48 | 8383 1006 
  0x0000004014057a00: 0000 01e9 | 6600 0000 | 483b bb18 | 0600 0075 | 0d48 8383 | 2006 0000 | 01e9 5000 | 0000 4881 
  0x0000004014057a20: bb08 0600 | 0000 0000 | 0075 1748 | 89bb 0806 | 0000 48c7 | 8310 0600 | 0001 0000 | 00e9 2c00 
  0x0000004014057a40: 0000 4881 | bb18 0600 | 0000 0000 | 0075 1748 | 89bb 1806 | 0000 48c7 | 8320 0600 | 0001 0000 
  0x0000004014057a60: 00e9 0800 | 0000 4883 | 83f8 0500 | 0001 0f1f | 8000 0000 | 0048 b858 | c9c3 0008 | 0000 00e8 
  0x0000004014057a80: 9c5a 2e07 | 483b 0048 | 8bf0 48bf | 0080 9f4f | 4000 0000 | 8b76 0849 | ba00 0000 | 0008 0000 
  0x0000004014057aa0: 0049 03f2 | 483b b740 | 0600 0075 | 0d48 8387 | 4806 0000 | 01e9 6600 | 0000 483b | b750 0600 
  0x0000004014057ac0: 0075 0d48 | 8387 5806 | 0000 01e9 | 5000 0000 | 4881 bf40 | 0600 0000 | 0000 0075 | 1748 89b7 
  0x0000004014057ae0: 4006 0000 | 48c7 8748 | 0600 0001 | 0000 00e9 | 2c00 0000 | 4881 bf50 | 0600 0000 | 0000 0075 
  0x0000004014057b00: 1748 89b7 | 5006 0000 | 48c7 8758 | 0600 0001 | 0000 00e9 | 0800 0000 | 4883 8730 | 0600 0001 
  0x0000004014057b20: 488b f048 | 8984 24c8 | 0000 0066 | 9048 b860 | 2cc1 0008 | 0000 00e8 | 444d feff | 660f 128c 
  0x0000004014057b40: 2450 0100 | 00f2 0f59 | 0da3 efff | ff66 0f2e | c1be 0100 | 0000 0f8a | 1300 0000 | 0f87 0d00 
  0x0000004014057b60: 0000 be00 | 0000 000f | 8402 0000 | 00ff ce83 | fe00 48be | 0080 9f4f | 4000 0000 | 48bf 6806 
  0x0000004014057b80: 0000 0000 | 0000 0f8d | 0a00 0000 | 48bf 7806 | 0000 0000 | 0000 488b | 1c3e 488d | 5b01 4889 
  0x0000004014057ba0: 1c3e 0f8d | 1a00 0000 | 48be 0080 | 9f4f 4000 | 0000 ff86 | 8806 0000 | b800 0000 | 00e9 af04 
  0x0000004014057bc0: 0000 488b | 9424 a000 | 0000 0fbe | 7225 83fe | 0048 be00 | 809f 4f40 | 0000 0048 | bfb0 0600 
  0x0000004014057be0: 0000 0000 | 000f 840a | 0000 0048 | bfa0 0600 | 0000 0000 | 0048 8b1c | 3e48 8d5b | 0148 891c 
  0x0000004014057c00: 3e0f 840a | 0000 00b8 | 0100 0000 | e960 0400 | 008b 7228 | 483b 0648 | 8bfe 48bb | 0080 9f4f 
  0x0000004014057c20: 4000 0000 | 8b7f 0849 | ba00 0000 | 0008 0000 | 0049 03fa | 483b bbd0 | 0600 0075 | 0d48 8383 
  0x0000004014057c40: d806 0000 | 01e9 6600 | 0000 483b | bbe0 0600 | 0075 0d48 | 8383 e806 | 0000 01e9 | 5000 0000 
  0x0000004014057c60: 4881 bbd0 | 0600 0000 | 0000 0075 | 1748 89bb | d006 0000 | 48c7 83d8 | 0600 0001 | 0000 00e9 
  0x0000004014057c80: 2c00 0000 | 4881 bbe0 | 0600 0000 | 0000 0075 | 1748 89bb | e006 0000 | 48c7 83e8 | 0600 0001 
  0x0000004014057ca0: 0000 00e9 | 0800 0000 | 4883 83c0 | 0600 0001 | 0f1f 4400 | 0048 b8a0 | c607 bc40 | 0000 00e8 
  0x0000004014057cc0: 9430 8dff | 83f8 0148 | ba00 809f | 4f40 0000 | 0048 b908 | 0700 0000 | 0000 000f | 840a 0000 
  0x0000004014057ce0: 0048 b9f8 | 0600 0000 | 0000 0048 | 8b34 0a48 | 8d76 0148 | 8934 0a0f | 840a 0000 | 00b8 0100 
  0x0000004014057d00: 0000 e96a | 0300 008b | 8c24 b800 | 0000 83f9 | 0048 ba00 | 809f 4f40 | 0000 0048 | be28 0700 
  0x0000004014057d20: 0000 0000 | 000f 840a | 0000 0048 | be18 0700 | 0000 0000 | 0048 8b3c | 3248 8d7f | 0148 893c 
  0x0000004014057d40: 320f 8411 | 0000 00b8 | 0100 0000 | 898c 24b8 | 0000 00e9 | 1903 0000 | 488b 8424 | c800 0000 
  0x0000004014057d60: 898c 24b8 | 0000 0048 | 8bd0 48be | 0080 9f4f | 4000 0000 | 8b52 0849 | ba00 0000 | 0008 0000 
  0x0000004014057d80: 0049 03d2 | 483b 9648 | 0700 0075 | 0d48 8386 | 5007 0000 | 01e9 6600 | 0000 483b | 9658 0700 
  0x0000004014057da0: 0075 0d48 | 8386 6007 | 0000 01e9 | 5000 0000 | 4881 be48 | 0700 0000 | 0000 0075 | 1748 8996 
  0x0000004014057dc0: 4807 0000 | 48c7 8650 | 0700 0001 | 0000 00e9 | 2c00 0000 | 4881 be58 | 0700 0000 | 0000 0075 
  0x0000004014057de0: 1748 8996 | 5807 0000 | 48c7 8660 | 0700 0001 | 0000 00e9 | 0800 0000 | 4883 8638 | 0700 0001 
  0x0000004014057e00: 488b 9424 | c000 0000 | b902 0000 | 0048 8bf0 | 0f1f 8000 | 0000 00e8 | 04d1 3407 | 8b70 0c83 
  0x0000004014057e20: fe02 48be | 0080 9f4f | 4000 0000 | 48ba 7007 | 0000 0000 | 0000 0f8d | 0a00 0000 | 48ba 8007 
  0x0000004014057e40: 0000 0000 | 0000 488b | 3c16 488d | 7f01 4889 | 3c16 0f8d | fe00 0000 | 48be 0080 | 9f4f 4000 
  0x0000004014057e60: 0000 4883 | 8690 0700 | 0001 48be | 5825 8b4f | 4000 0000 | 8b96 f400 | 0000 83c2 | 0289 96f4 
  0x0000004014057e80: 0000 0081 | e2fe ff1f | 0083 fa00 | 0f84 ae2c | 0000 48be | 7007 c0ff | 0000 0000 | 8b7e 7448 
  0x0000004014057ea0: be58 258b | 4f40 0000 | 0048 8db6 | 4801 0000 | 48ba 7880 | 33e1 0000 | 0000 488b | da48 85db 
  0x0000004014057ec0: 7505 4883 | 4e08 0148 | be58 258b | 4f40 0000 | 0048 8386 | 3801 0000 | 0148 8bf2 | 48ba 1898 
  0x0000004014057ee0: 01e1 0000 | 0000 4889 | bc24 d000 | 0000 90e8 | 8ce1 80ff | 48ba 5825 | 8b4f 4000 | 0000 488d 
  0x0000004014057f00: 9258 0100 | 0048 8bf0 | 4885 f675 | 0448 830a | 0148 8bbc | 24d0 0000 | 0048 3b07 | 488b d748 
  0x0000004014057f20: be58 258b | 4f40 0000 | 0048 8386 | 8001 0000 | 0148 8bd0 | 488b f7e8 | 44db 80ff | 48ba 0080 
  0x0000004014057f40: 9f4f 4000 | 0000 ff82 | a007 0000 | b800 0000 | 00e9 1b01 | 0000 8178 | 0c01 0000 | 000f 8603 
  0x0000004014057f60: 2c00 008b | 7014 483b | 0648 8bd6 | 48bf 0080 | 9f4f 4000 | 0000 4883 | 87b8 0700 | 0001 48ba 
  0x0000004014057f80: e87c 9a4f | 4000 0000 | 8bba f400 | 0000 83c7 | 0289 baf4 | 0000 0081 | e7fe ff1f | 0083 ff00 
  0x0000004014057fa0: 0f84 d72b | 0000 488b | d648 bfe8 | 7c9a 4f40 | 0000 0048 | 8387 3801 | 0000 0148 | 8b94 24c0 
  0x0000004014057fc0: 0000 000f | 1f40 00e8 | f440 3007 | 48ba e87c | 9a4f 4000 | 0000 4883 | 8270 0100 | 0001 f20f 
  0x0000004014057fe0: 51c0 660f | 128c 2450 | 0100 00f2 | 0f58 0d05 | ebff ff66 | 0f2e c1ba | ffff ffff | 0f8a 1400 
  0x0000004014058000: 0000 0f82 | 0e00 0000 | ba00 0000 | 000f 8403 | 0000 0048 | ffc2 83fa | 0048 ba00 | 809f 4f40 
  0x0000004014058020: 0000 0048 | bef0 0700 | 0000 0000 | 000f 8e0a | 0000 0048 | be00 0800 | 0000 0000 | 0048 8b3c 
  0x0000004014058040: 3248 8d7f | 0148 893c | 320f 8e1a | 0000 0048 | ba00 809f | 4f40 0000 | 00ff 8210 | 0800 00ba 
  0x0000004014058060: 0100 0000 | e905 0000 | 00ba 0000 | 0000 488b | c28b bc24 | b400 0000 | 83ff 0048 | ba00 809f 
  0x0000004014058080: 4f40 0000 | 0048 be38 | 0800 0000 | 0000 000f | 840a 0000 | 0048 be28 | 0800 0000 | 0000 0048 
  0x00000040140580a0: 8b0c 3248 | 8d49 0148 | 890c 320f | 840c 0000 | 0089 8424 | bc00 0000 | e930 0800 | 0048 8b94 
  0x00000040140580c0: 24a0 0000 | 008b 7228 | 4883 fe00 | 7517 49b8 | 0080 9f4f | 4000 0000 | 4180 8841 | 0800 0001 
  0x00000040140580e0: e9d3 0000 | 0049 b9f8 | dac3 0008 | 0000 008b | 5e08 49ba | 0000 0000 | 0800 0000 | 4903 da4c 
  0x0000004014058100: 3bcb 0f85 | 9400 0000 | 49b8 0080 | 9f4f 4000 | 0000 448b | 4e08 49ba | 0000 0000 | 0800 0000 
  0x0000004014058120: 4d03 ca4d | 3b88 5808 | 0000 750d | 4983 8060 | 0800 0001 | e984 0000 | 004d 3b88 | 6808 0000 
  0x0000004014058140: 750d 4983 | 8070 0800 | 0001 e96e | 0000 0049 | 81b8 5808 | 0000 0000 | 0000 7517 | 4d89 8858 
  0x0000004014058160: 0800 0049 | c780 6008 | 0000 0100 | 0000 e94a | 0000 0049 | 81b8 6808 | 0000 0000 | 0000 7517 
  0x0000004014058180: 4d89 8868 | 0800 0049 | c780 7008 | 0000 0100 | 0000 e926 | 0000 00e9 | 2100 0000 | 49b8 0080 
  0x00000040140581a0: 9f4f 4000 | 0000 4983 | a848 0800 | 0001 e905 | 0000 00e9 | 0500 0000 | 4833 c9eb | 0a48 b901 
  0x00000040140581c0: 0000 0000 | 0000 0083 | f900 48b9 | 0080 9f4f | 4000 0000 | 48bb 8008 | 0000 0000 | 0000 0f84 
  0x00000040140581e0: 0a00 0000 | 48bb 9008 | 0000 0000 | 0000 4c8b | 0419 4d8d | 4001 4c89 | 0419 8984 | 24bc 0000 
  0x0000004014058200: 000f 84e6 | 0600 0048 | 83fe 0075 | 1749 b900 | 809f 4f40 | 0000 0041 | 8089 9908 | 0000 01e9 
  0x0000004014058220: d300 0000 | 49bb f8da | c300 0800 | 0000 8b4e | 0849 ba00 | 0000 0008 | 0000 0049 | 03ca 4c3b 
  0x0000004014058240: d90f 8594 | 0000 0049 | b900 809f | 4f40 0000 | 0044 8b5e | 0849 ba00 | 0000 0008 | 0000 004d 
  0x0000004014058260: 03da 4d3b | 99b0 0800 | 0075 0d49 | 8381 b808 | 0000 01e9 | 7f00 0000 | 4d3b 99c0 | 0800 0075 
  0x0000004014058280: 0d49 8381 | c808 0000 | 01e9 6900 | 0000 4981 | b9b0 0800 | 0000 0000 | 0075 174d | 8999 b008 
  0x00000040140582a0: 0000 49c7 | 81b8 0800 | 0001 0000 | 00e9 4500 | 0000 4981 | b9c0 0800 | 0000 0000 | 0075 174d 
  0x00000040140582c0: 8999 c008 | 0000 49c7 | 81c8 0800 | 0001 0000 | 00e9 2100 | 0000 e91c | 0000 0049 | b900 809f 
  0x00000040140582e0: 4f40 0000 | 0049 83a9 | a008 0000 | 01e9 ac28 | 0000 e900 | 0000 0044 | 8b4e 1c0f | 1f44 0000 
  0x0000004014058300: e9b6 2800 | 0000 0000 | 0000 498b | 8700 0100 | 0048 8d78 | 1049 3bbf | 1001 0000 | 0f87 a328 
  0x0000004014058320: 0000 4989 | bf00 0100 | 0048 c700 | 0100 0000 | 488b ca49 | ba00 0000 | 0008 0000 | 0049 2bca 
  0x0000004014058340: 8948 0848 | 33c9 8948 | 0c48 33c9 | 488b d048 | be00 809f | 4f40 0000 | 0048 8386 | d808 0000 
  0x0000004014058360: 0148 ba38 | 1633 e100 | 0000 0048 | 8bf0 4889 | 8424 e000 | 0000 4c89 | 8c24 d800 | 0000 90e8 
  0x0000004014058380: fcd6 80ff | 488b b424 | 9800 0000 | 8b56 108b | 7a28 483b | 0748 8bd7 | 48b9 0080 | 9f4f 4000 
  0x00000040140583a0: 0000 8b52 | 0849 ba00 | 0000 0008 | 0000 0049 | 03d2 483b | 91f8 0800 | 0075 0d48 | 8381 0009 
  0x00000040140583c0: 0000 01e9 | 6600 0000 | 483b 9108 | 0900 0075 | 0d48 8381 | 1009 0000 | 01e9 5000 | 0000 4881 
  0x00000040140583e0: b9f8 0800 | 0000 0000 | 0075 1748 | 8991 f808 | 0000 48c7 | 8100 0900 | 0001 0000 | 00e9 2c00 
  0x0000004014058400: 0000 4881 | b908 0900 | 0000 0000 | 0075 1748 | 8991 0809 | 0000 48c7 | 8110 0900 | 0001 0000 
  0x0000004014058420: 00e9 0800 | 0000 4883 | 81e8 0800 | 0001 488b | 9424 d800 | 0000 8b8c | 24b0 0000 | 004c 8b84 
  0x0000004014058440: 24e0 0000 | 0048 8bf7 | 0f1f 8000 | 0000 00e8 | 2cd6 80ff | 483b 0048 | 8bf0 48bf | 0080 9f4f 
  0x0000004014058460: 4000 0000 | 8b76 0849 | ba00 0000 | 0008 0000 | 0049 03f2 | 483b b730 | 0900 0075 | 0d48 8387 
  0x0000004014058480: 3809 0000 | 01e9 6600 | 0000 483b | b740 0900 | 0075 0d48 | 8387 4809 | 0000 01e9 | 5000 0000 
  0x00000040140584a0: 4881 bf30 | 0900 0000 | 0000 0075 | 1748 89b7 | 3009 0000 | 48c7 8738 | 0900 0001 | 0000 00e9 
  0x00000040140584c0: 2c00 0000 | 4881 bf40 | 0900 0000 | 0000 0075 | 1748 89b7 | 4009 0000 | 48c7 8748 | 0900 0001 
  0x00000040140584e0: 0000 00e9 | 0800 0000 | 4883 8720 | 0900 0001 | 488b f066 | 9048 b8ff | ffff ffff | ffff ffe8 
  0x0000004014058500: 7cd8 80ff | 4889 8424 | e800 0000 | e9ee 0200 | 000f 1f80 | 0000 0000 | 488b 8424 | e800 0000 
  0x0000004014058520: 48bf 0080 | 9f4f 4000 | 0000 8b40 | 0849 ba00 | 0000 0008 | 0000 0049 | 03c2 483b | 87c0 0900 
  0x0000004014058540: 0075 0d48 | 8387 c809 | 0000 01e9 | 6600 0000 | 483b 87d0 | 0900 0075 | 0d48 8387 | d809 0000 
  0x0000004014058560: 01e9 5000 | 0000 4881 | bfc0 0900 | 0000 0000 | 0075 1748 | 8987 c009 | 0000 48c7 | 87c8 0900 
  0x0000004014058580: 0001 0000 | 00e9 2c00 | 0000 4881 | bfd0 0900 | 0000 0000 | 0075 1748 | 8987 d009 | 0000 48c7 
  0x00000040140585a0: 87d8 0900 | 0001 0000 | 00e9 0800 | 0000 4883 | 87b0 0900 | 0001 488b | b424 e800 | 0000 0f1f 
  0x00000040140585c0: 8000 0000 | 0048 b8ff | ffff ffff | ffff ffe8 | acd7 80ff | 4883 f800 | 7516 48bf | 0080 9f4f 
  0x00000040140585e0: 4000 0000 | 808f e109 | 0000 01e9 | d300 0000 | 48bb c8d6 | c000 0800 | 0000 8b78 | 0849 ba00 
  0x0000004014058600: 0000 0008 | 0000 0049 | 03fa 483b | 5f38 0f85 | 9300 0000 | 48bf 0080 | 9f4f 4000 | 0000 8b58 
  0x0000004014058620: 0849 ba00 | 0000 0008 | 0000 0049 | 03da 483b | 9ff8 0900 | 0075 0d48 | 8387 000a | 0000 01e9 
  0x0000004014058640: 7f00 0000 | 483b 9f08 | 0a00 0075 | 0d48 8387 | 100a 0000 | 01e9 6900 | 0000 4881 | bff8 0900 
  0x0000004014058660: 0000 0000 | 0075 1748 | 899f f809 | 0000 48c7 | 8700 0a00 | 0001 0000 | 00e9 4500 | 0000 4881 
  0x0000004014058680: bf08 0a00 | 0000 0000 | 0075 1748 | 899f 080a | 0000 48c7 | 8710 0a00 | 0001 0000 | 00e9 2100 
  0x00000040140586a0: 0000 e91c | 0000 0048 | bf00 809f | 4f40 0000 | 0048 83af | e809 0000 | 01e9 2325 | 0000 e900 
  0x00000040140586c0: 0000 0048 | 8bf0 488b | bc24 9800 | 0000 8b57 | 148b 5228 | 483b 0648 | 8bde 48b8 | 0080 9f4f 
  0x00000040140586e0: 4000 0000 | 8b5b 0849 | ba00 0000 | 0008 0000 | 0049 03da | 483b 9830 | 0a00 0075 | 0d48 8380 
  0x0000004014058700: 380a 0000 | 01e9 6600 | 0000 483b | 9840 0a00 | 0075 0d48 | 8380 480a | 0000 01e9 | 5000 0000 
  0x0000004014058720: 4881 b830 | 0a00 0000 | 0000 0075 | 1748 8998 | 300a 0000 | 48c7 8038 | 0a00 0001 | 0000 00e9 
  0x0000004014058740: 2c00 0000 | 4881 b840 | 0a00 0000 | 0000 0075 | 1748 8998 | 400a 0000 | 48c7 8048 | 0a00 0001 
  0x0000004014058760: 0000 00e9 | 0800 0000 | 4883 8020 | 0a00 0001 | 0f1f 8000 | 0000 00e8 | 04d3 80ff | 83f8 0048 
  0x0000004014058780: ba00 809f | 4f40 0000 | 0048 b968 | 0a00 0000 | 0000 000f | 840a 0000 | 0048 b958 | 0a00 0000 
  0x00000040140587a0: 0000 004c | 8b04 0a4d | 8d40 014c | 8904 0a0f | 8473 2200 | 0048 ba00 | 809f 4f40 | 0000 008b 
  0x00000040140587c0: 8af8 0000 | 0083 c102 | 898a f800 | 0000 81e1 | fe3f 0000 | 83f9 000f | 8417 2400 | 004d 8b97 
  0x00000040140587e0: 4003 0000 | 4185 0248 | ba00 809f | 4f40 0000 | 00ff 8278 | 0a00 0048 | 8b84 24e8 | 0000 0048 
  0x0000004014058800: 3b00 488b | f848 bb00 | 809f 4f40 | 0000 008b | 7f08 49ba | 0000 0000 | 0800 0000 | 4903 fa48 
  0x0000004014058820: 3bbb 6809 | 0000 750d | 4883 8370 | 0900 0001 | e966 0000 | 0048 3bbb | 7809 0000 | 750d 4883 
  0x0000004014058840: 8380 0900 | 0001 e950 | 0000 0048 | 81bb 6809 | 0000 0000 | 0000 7517 | 4889 bb68 | 0900 0048 
  0x0000004014058860: c783 7009 | 0000 0100 | 0000 e92c | 0000 0048 | 81bb 7809 | 0000 0000 | 0000 7517 | 4889 bb78 
  0x0000004014058880: 0900 0048 | c783 8009 | 0000 0100 | 0000 e908 | 0000 0048 | 8383 5809 | 0000 0148 | 8bf0 0f1f 
  0x00000040140588a0: 8000 0000 | 0048 b8ff | ffff ffff | ffff ffe8 | ccd4 80ff | 83f8 0048 | be00 809f | 4f40 0000 
  0x00000040140588c0: 0048 bfa0 | 0900 0000 | 0000 000f | 850a 0000 | 0048 bf90 | 0900 0000 | 0000 0048 | 8b1c 3e48 
  0x00000040140588e0: 8d5b 0148 | 891c 3e0f | 852b fcff | ff48 8b84 | 24c0 0000 | 0048 8bb4 | 2498 0000 | 0048 ba00 
  0x0000004014058900: 809f 4f40 | 0000 0048 | 8382 900a | 0000 0148 | 8b94 24a0 | 0000 008b | 8c24 bc00 | 0000 448b 
  0x0000004014058920: 8424 b800 | 0000 4c8b | c848 8bb4 | 2498 0000 | 0066 0f1f | 4400 00e8 | 8486 0300 | 83f8 0048 
  0x0000004014058940: ba00 809f | 4f40 0000 | 0048 bed8 | 0a00 0000 | 0000 000f | 850a 0000 | 0048 bec8 | 0a00 0000 
  0x0000004014058960: 0000 0048 | 8b3c 3248 | 8d7f 0148 | 893c 320f | 850a 0000 | 00bf 0000 | 0000 e905 | 0000 00bf 
  0x0000004014058980: 0100 0000 | 8b94 24b4 | 0000 0083 | fa00 48ba | 0080 9f4f | 4000 0000 | 48be f80a | 0000 0000 
  0x00000040140589a0: 0000 0f84 | 0a00 0000 | 48be e80a | 0000 0000 | 0000 488b | 1c32 488d | 5b01 4889 | 1c32 0f84 
  0x00000040140589c0: 4920 0000 | 488b 9424 | a000 0000 | 8b72 3048 | 83fe 0075 | 1648 b900 | 809f 4f40 | 0000 0080 
  0x00000040140589e0: 8901 0b00 | 0001 e9d4 | 0000 0049 | b820 c4c3 | 0008 0000 | 008b 4e08 | 49ba 0000 | 0000 0800 
  0x0000004014058a00: 0000 4903 | ca4c 3b41 | 380f 8594 | 0000 0048 | b900 809f | 4f40 0000 | 0044 8b46 | 0849 ba00 
  0x0000004014058a20: 0000 0008 | 0000 004d | 03c2 4c3b | 8118 0b00 | 0075 0d48 | 8381 200b | 0000 01e9 | 8400 0000 
  0x0000004014058a40: 4c3b 8128 | 0b00 0075 | 0d48 8381 | 300b 0000 | 01e9 6e00 | 0000 4881 | b918 0b00 | 0000 0000 
  0x0000004014058a60: 0075 174c | 8981 180b | 0000 48c7 | 8120 0b00 | 0001 0000 | 00e9 4a00 | 0000 4881 | b928 0b00 
  0x0000004014058a80: 0000 0000 | 0075 174c | 8981 280b | 0000 48c7 | 8130 0b00 | 0001 0000 | 00e9 2600 | 0000 e921 
  0x0000004014058aa0: 0000 0048 | b900 809f | 4f40 0000 | 0048 83a9 | 080b 0000 | 01e9 0500 | 0000 e905 | 0000 0048 
  0x0000004014058ac0: 33db eb0a | 48bb 0100 | 0000 0000 | 0000 83fb | 0048 bb00 | 809f 4f40 | 0000 0048 | b840 0b00 
  0x0000004014058ae0: 0000 0000 | 000f 840a | 0000 0048 | b850 0b00 | 0000 0000 | 0048 8b0c | 0348 8d49 | 0148 890c 
  0x0000004014058b00: 030f 84aa | 0100 000f | be72 2583 | fe00 48be | 0080 9f4f | 4000 0000 | 48bb 700b | 0000 0000 
  0x0000004014058b20: 0000 0f84 | 0a00 0000 | 48bb 600b | 0000 0000 | 0000 488b | 041e 488d | 4001 4889 | 041e 0f84 
  0x0000004014058b40: 1800 0000 | bb00 0000 | 0089 9c24 | 0401 0000 | 89bc 24f0 | 0000 00e9 | c708 0000 | 8b8c 24b8 
  0x0000004014058b60: 0000 0083 | f900 48be | 0080 9f4f | 4000 0000 | 48bb 900b | 0000 0000 | 0000 0f85 | 0a00 0000 
  0x0000004014058b80: 48bb 800b | 0000 0000 | 0000 488b | 041e 488d | 4001 4889 | 041e 0f85 | 1800 0000 | bb00 0000 
  0x0000004014058ba0: 0089 9c24 | 0401 0000 | 89bc 24f0 | 0000 00e9 | 6f08 0000 | 8b84 24bc | 0000 0083 | f800 48be 
  0x0000004014058bc0: 0080 9f4f | 4000 0000 | 48bb b00b | 0000 0000 | 0000 0f85 | 0a00 0000 | 48bb a00b | 0000 0000 
  0x0000004014058be0: 0000 488b | 0c1e 488d | 4901 4889 | 0c1e 0f85 | 1800 0000 | be00 0000 | 0089 bc24 | f000 0000 
  0x0000004014058c00: 8984 24bc | 0000 00e9 | 4300 0000 | 89bc 24f0 | 0000 0089 | 8424 bc00 | 0000 488b | b424 9800 
  0x0000004014058c20: 0000 48bb | 0080 9f4f | 4000 0000 | 4883 83c0 | 0b00 0001 | 488b da48 | 8bd3 488b | b424 9800 
  0x0000004014058c40: 0000 0f1f | 4400 00e8 | 0923 0000 | 488b f083 | fe00 48ba | 0080 9f4f | 4000 0000 | 48b9 080c 
  0x0000004014058c60: 0000 0000 | 0000 0f84 | 0a00 0000 | 48b9 f80b | 0000 0000 | 0000 4c8b | 040a 4d8d | 4001 4c89 
  0x0000004014058c80: 040a 0f84 | 621d 0000 | 48ba 0080 | 9f4f 4000 | 0000 ff82 | 180c 0000 | bb00 0000 | 0089 9c24 
  0x0000004014058ca0: 0401 0000 | 488b 9424 | a000 0000 | e972 0700 | 0089 bc24 | f000 0000 | 8b8c 24b8 | 0000 0048 
  0x0000004014058cc0: 83fe 0075 | 1648 bf00 | 809f 4f40 | 0000 0080 | 8f29 0c00 | 0001 e9d3 | 0000 0048 | bb78 d3c3 
  0x0000004014058ce0: 0008 0000 | 0044 8b46 | 0849 ba00 | 0000 0008 | 0000 004d | 03c2 493b | d80f 8593 | 0000 0048 
  0x0000004014058d00: bf00 809f | 4f40 0000 | 008b 5e08 | 49ba 0000 | 0000 0800 | 0000 4903 | da48 3b9f | 400c 0000 
  0x0000004014058d20: 750d 4883 | 8748 0c00 | 0001 e984 | 0000 0048 | 3b9f 500c | 0000 750d | 4883 8758 | 0c00 0001 
  0x0000004014058d40: e96e 0000 | 0048 81bf | 400c 0000 | 0000 0000 | 7517 4889 | 9f40 0c00 | 0048 c787 | 480c 0000 
  0x0000004014058d60: 0100 0000 | e94a 0000 | 0048 81bf | 500c 0000 | 0000 0000 | 7517 4889 | 9f50 0c00 | 0048 c787 
  0x0000004014058d80: 580c 0000 | 0100 0000 | e926 0000 | 00e9 2100 | 0000 48bf | 0080 9f4f | 4000 0000 | 4883 af30 
  0x0000004014058da0: 0c00 0001 | e905 0000 | 00e9 0500 | 0000 4833 | d2eb 0a48 | ba01 0000 | 0000 0000 | 0083 fa00 
  0x0000004014058dc0: 48ba 0080 | 9f4f 4000 | 0000 49b8 | 780c 0000 | 0000 0000 | 0f85 0a00 | 0000 49b8 | 680c 0000 
  0x0000004014058de0: 0000 0000 | 4a8b 3c02 | 488d 7f01 | 4a89 3c02 | 0f85 1900 | 0000 bb00 | 0000 0089 | 9c24 0401 
  0x0000004014058e00: 0000 488b | 9424 a000 | 0000 e914 | 0600 0048 | 8b94 24a0 | 0000 0048 | 83fe 0075 | 1648 bf00 
  0x0000004014058e20: 809f 4f40 | 0000 0080 | 8f81 0c00 | 0001 e9d3 | 0000 0048 | bb78 d3c3 | 0008 0000 | 0044 8b46 
  0x0000004014058e40: 0849 ba00 | 0000 0008 | 0000 004d | 03c2 493b | d80f 8593 | 0000 0048 | bf00 809f | 4f40 0000 
  0x0000004014058e60: 008b 5e08 | 49ba 0000 | 0000 0800 | 0000 4903 | da48 3b9f | 980c 0000 | 750d 4883 | 87a0 0c00 
  0x0000004014058e80: 0001 e97f | 0000 0048 | 3b9f a80c | 0000 750d | 4883 87b0 | 0c00 0001 | e969 0000 | 0048 81bf 
  0x0000004014058ea0: 980c 0000 | 0000 0000 | 7517 4889 | 9f98 0c00 | 0048 c787 | a00c 0000 | 0100 0000 | e945 0000 
  0x0000004014058ec0: 0048 81bf | a80c 0000 | 0000 0000 | 7517 4889 | 9fa8 0c00 | 0048 c787 | b00c 0000 | 0100 0000 
  0x0000004014058ee0: e921 0000 | 00e9 1c00 | 0000 48bf | 0080 9f4f | 4000 0000 | 4883 af88 | 0c00 0001 | e919 1d00 
  0x0000004014058f00: 00e9 0000 | 0000 488b | fe44 0fbe | 4225 4183 | f800 49b8 | 0080 9f4f | 4000 0000 | 48be d00c 
  0x0000004014058f20: 0000 0000 | 0000 0f84 | 0a00 0000 | 48be c00c | 0000 0000 | 0000 498b | 1c30 488d | 5b01 4989 
  0x0000004014058f40: 1c30 0f84 | 1100 0000 | bb00 0000 | 0089 9c24 | 0401 0000 | e9ca 0400 | 0048 8bb4 | 2498 0000 
  0x0000004014058f60: 0044 8b46 | 1445 0fbe | 405a 4183 | f800 49b8 | 0080 9f4f | 4000 0000 | 48bb f00c | 0000 0000 
  0x0000004014058f80: 0000 0f85 | 0a00 0000 | 48bb e00c | 0000 0000 | 0000 498b | 0418 488d | 4001 4989 | 0418 0f85 
  0x0000004014058fa0: 1e00 0000 | bb00 0000 | 00b8 0000 | 0000 4889 | bc24 f800 | 0000 898c | 24b8 0000 | 00e9 cd00 
  0x0000004014058fc0: 0000 483b | 074c 8bc7 | 48bb 0080 | 9f4f 4000 | 0000 49ba | 78d3 c300 | 0800 0000 | 4c89 9310 
  0x0000004014058fe0: 0d00 0048 | 8383 180d | 0000 0144 | 8b47 1448 | 8bde 48b8 | 0080 9f4f | 4000 0000 | 4883 8038 
  0x0000004014059000: 0d00 0001 | 488b da48 | 8bd3 488b | c149 8bc8 | 4c8b c04c | 8bce 498b | f189 8424 | b800 0000 
  0x0000004014059020: 4889 bc24 | f800 0000 | 0f1f 8000 | 0000 00e8 | 4c29 1300 | 83f8 0048 | ba00 809f | 4f40 0000 
  0x0000004014059040: 0048 b970 | 0d00 0000 | 0000 000f | 8c0a 0000 | 0048 b980 | 0d00 0000 | 0000 0048 | 8b34 0a48 
  0x0000004014059060: 8d76 0148 | 8934 0a0f | 8c1a 0000 | 0048 ba00 | 809f 4f40 | 0000 00ff | 8290 0d00 | 00ba 0100 
  0x0000004014059080: 0000 e905 | 0000 00ba | 0000 0000 | 488b da83 | f801 48ba | 0080 9f4f | 4000 0000 | 48b9 b80d 
  0x00000040140590a0: 0000 0000 | 0000 0f85 | 0a00 0000 | 48b9 a80d | 0000 0000 | 0000 488b | 340a 488d | 7601 4889 
  0x00000040140590c0: 340a 0f85 | 0c00 0000 | 8984 2400 | 0100 00e9 | 0003 0000 | 8bbc 24bc | 0000 0083 | ff00 48ba 
  0x00000040140590e0: 0080 9f4f | 4000 0000 | 48b9 d80d | 0000 0000 | 0000 0f85 | 0a00 0000 | 48b9 c80d | 0000 0000 
  0x0000004014059100: 0000 488b | 340a 488d | 7601 4889 | 340a 0f85 | 1300 0000 | 8984 2400 | 0100 0089 | bc24 bc00 
  0x0000004014059120: 0000 e9ad | 0200 0048 | 8b8c 24f8 | 0000 008b | 9424 b800 | 0000 483b | 0148 8bf1 | 49b8 0080 
  0x0000004014059140: 9f4f 4000 | 0000 49ba | 78d3 c300 | 0800 0000 | 4d89 90f8 | 0d00 0049 | 8380 000e | 0000 018b 
  0x0000004014059160: 7114 83fa | 0048 ba00 | 809f 4f40 | 0000 0049 | b830 0e00 | 0000 0000 | 000f 840a | 0000 0049 
  0x0000004014059180: b820 0e00 | 0000 0000 | 004e 8b0c | 024d 8d49 | 014e 890c | 020f 8413 | 0000 0089 | 8424 0001 
  0x00000040140591a0: 0000 89bc | 24bc 0000 | 00e9 2602 | 0000 4c8b | 8424 9800 | 0000 418b | 5014 8b52 | 4483 fa00 
  0x00000040140591c0: 48ba 0080 | 9f4f 4000 | 0000 49b9 | 500e 0000 | 0000 0000 | 0f8f 0a00 | 0000 49b9 | 400e 0000 
  0x00000040140591e0: 0000 0000 | 4e8b 1c0a | 4d8d 5b01 | 4e89 1c0a | 0f8f 1300 | 0000 8984 | 2400 0100 | 0089 bc24 
  0x0000004014059200: bc00 0000 | e9cb 0100 | 0048 83fe | 0075 1749 | b900 809f | 4f40 0000 | 0041 8089 | 590e 0000 
  0x0000004014059220: 01e9 d300 | 0000 49bb | c0ee c000 | 0800 0000 | 8b56 0849 | ba00 0000 | 0008 0000 | 0049 03d2 
  0x0000004014059240: 4c3b da0f | 8594 0000 | 0049 b900 | 809f 4f40 | 0000 0044 | 8b5e 0849 | ba00 0000 | 0008 0000 
  0x0000004014059260: 004d 03da | 4d3b 9970 | 0e00 0075 | 0d49 8381 | 780e 0000 | 01e9 8400 | 0000 4d3b | 9980 0e00 
  0x0000004014059280: 0075 0d49 | 8381 880e | 0000 01e9 | 6e00 0000 | 4981 b970 | 0e00 0000 | 0000 0075 | 174d 8999 
  0x00000040140592a0: 700e 0000 | 49c7 8178 | 0e00 0001 | 0000 00e9 | 4a00 0000 | 4981 b980 | 0e00 0000 | 0000 0075 
  0x00000040140592c0: 174d 8999 | 800e 0000 | 49c7 8188 | 0e00 0001 | 0000 00e9 | 2600 0000 | e921 0000 | 0049 b900 
  0x00000040140592e0: 809f 4f40 | 0000 0049 | 83a9 600e | 0000 01e9 | 0500 0000 | e905 0000 | 0048 33d2 | eb0a 48ba 
  0x0000004014059300: 0100 0000 | 0000 0000 | 83fa 0048 | ba00 809f | 4f40 0000 | 0048 bea8 | 0e00 0000 | 0000 000f 
  0x0000004014059320: 850a 0000 | 0048 be98 | 0e00 0000 | 0000 004c | 8b0c 324d | 8d49 014c | 890c 320f | 8513 0000 
  0x0000004014059340: 0089 8424 | 0001 0000 | 89bc 24bc | 0000 00e9 | 8000 0000 | 899c 24f4 | 0000 0089 | 8424 0001 
  0x0000004014059360: 0000 89bc | 24bc 0000 | 0049 8bf0 | 48ba 0080 | 9f4f 4000 | 0000 4883 | 82b8 0e00 | 0001 488b 
  0x0000004014059380: 9424 a000 | 0000 498b | f066 0f1f | 4400 00e8 | accb 1100 | 83f8 0048 | be00 809f | 4f40 0000 
  0x00000040140593a0: 0048 bf00 | 0f00 0000 | 0000 000f | 840a 0000 | 0048 bff0 | 0e00 0000 | 0000 0048 | 8b1c 3e48 
  0x00000040140593c0: 8d5b 0148 | 891c 3e0f | 84bd 1100 | 008b 9c24 | f400 0000 | 83fb 0048 | be00 809f | 4f40 0000 
  0x00000040140593e0: 0048 bf88 | 0f00 0000 | 0000 000f | 840a 0000 | 0048 bf78 | 0f00 0000 | 0000 0048 | 8b1c 3e48 
  0x0000004014059400: 8d5b 0148 | 891c 3e0f | 84c2 1500 | 008b 9c24 | 0001 0000 | 899c 2404 | 0100 0048 | 8b94 24a0 
  0x0000004014059420: 0000 008b | 7230 483b | 0648 8bfe | 48b8 0080 | 9f4f 4000 | 0000 8b7f | 0849 ba00 | 0000 0008 
  0x0000004014059440: 0000 0049 | 03fa 483b | b8a8 0f00 | 0075 0d48 | 8380 b00f | 0000 01e9 | 6600 0000 | 483b b8b8 
  0x0000004014059460: 0f00 0075 | 0d48 8380 | c00f 0000 | 01e9 5000 | 0000 4881 | b8a8 0f00 | 0000 0000 | 0075 1748 
  0x0000004014059480: 89b8 a80f | 0000 48c7 | 80b0 0f00 | 0001 0000 | 00e9 2c00 | 0000 4881 | b8b8 0f00 | 0000 0000 
  0x00000040140594a0: 0075 1748 | 89b8 b80f | 0000 48c7 | 80c0 0f00 | 0001 0000 | 00e9 0800 | 0000 4883 | 8098 0f00 
  0x00000040140594c0: 0001 6666 | 9048 b890 | c707 bc40 | 0000 00e8 | 8418 8dff | 483b 0048 | 8bf0 48bf | 0080 9f4f 
  0x00000040140594e0: 4000 0000 | 8b76 0849 | ba00 0000 | 0008 0000 | 0049 03f2 | 483b b7e0 | 0f00 0075 | 0d48 8387 
  0x0000004014059500: e80f 0000 | 01e9 6600 | 0000 483b | b7f0 0f00 | 0075 0d48 | 8387 f80f | 0000 01e9 | 5000 0000 
  0x0000004014059520: 4881 bfe0 | 0f00 0000 | 0000 0075 | 1748 89b7 | e00f 0000 | 48c7 87e8 | 0f00 0001 | 0000 00e9 
  0x0000004014059540: 2c00 0000 | 4881 bff0 | 0f00 0000 | 0000 0075 | 1748 89b7 | f00f 0000 | 48c7 87f8 | 0f00 0001 
  0x0000004014059560: 0000 00e9 | 0800 0000 | 4883 87d0 | 0f00 0001 | 488b f066 | 9048 b800 | 57c4 0008 | 0000 00e8 
  0x0000004014059580: 1c1f 2d07 | 4889 8424 | 0801 0000 | 8bbc 24f0 | 0000 0089 | bc24 1001 | 0000 660f | 1f44 0000 
  0x00000040140595a0: 483b 004c | 8bc0 49b9 | 0080 9f4f | 4000 0000 | 458b 4008 | 49ba 0000 | 0000 0800 | 0000 4d03 
  0x00000040140595c0: c24d 3b81 | 1810 0000 | 750d 4983 | 8120 1000 | 0001 e966 | 0000 004d | 3b81 2810 | 0000 750d 
  0x00000040140595e0: 4983 8130 | 1000 0001 | e950 0000 | 0049 81b9 | 1810 0000 | 0000 0000 | 7517 4d89 | 8118 1000 
  0x0000004014059600: 0049 c781 | 2010 0000 | 0100 0000 | e92c 0000 | 0049 81b9 | 2810 0000 | 0000 0000 | 7517 4d89 
  0x0000004014059620: 8128 1000 | 0049 c781 | 3010 0000 | 0100 0000 | e908 0000 | 0049 8381 | 0810 0000 | 0148 8bf0 
  0x0000004014059640: 0f1f 4400 | 0048 b878 | 62c4 0008 | 0000 00e8 | cc98 2907 | 83f8 0048 | be00 80